<?xml version="1.0" encoding="UTF-8"?>
<!-- Generated by org.testng.reporters.JUnitReportReporter -->
<testsuite hostname="DESKTOP-RJBBDI9" failures="0" tests="1" name="Automation.ParamerterSuite" time="0.025" errors="0" timestamp="2023-09-07T08:16:38 IST" skipped="0">
  <testcase classname="Automation.ParamerterSuite" name="parameter" time="0.025"/>
</testsuite> <!-- Automation.ParamerterSuite -->
