<?xml version="1.0" encoding="UTF-8"?>
<!-- Generated by org.testng.reporters.JUnitReportReporter -->
<testsuite hostname="DESKTOP-RJBBDI9" failures="0" tests="3" name="Automation.DataProviderDemo" time="0.032" errors="0" timestamp="2023-09-12T07:45:38 IST" skipped="0">
  <testcase classname="Automation.DataProviderDemo" name="testCase1" time="0.009"/>
  <testcase classname="Automation.DataProviderDemo" name="testCase1" time="0.004"/>
  <testcase classname="Automation.DataProviderDemo" name="testCase1" time="0.019"/>
</testsuite> <!-- Automation.DataProviderDemo -->
