<?xml version="1.0" encoding="UTF-8"?>
<!-- Generated by org.testng.reporters.JUnitReportReporter -->
<testsuite hostname="DESKTOP-RJBBDI9" failures="0" tests="1" name="testCases.TestCaseErrorLogin" time="13.193" errors="0" timestamp="2023-09-14T14:56:14 IST" skipped="0">
  <testcase classname="testCases.TestCaseErrorLogin" name="invalidLoginId" time="13.193"/>
</testsuite> <!-- testCases.TestCaseErrorLogin -->
