<?xml version="1.0" encoding="UTF-8"?>
<!-- Generated by org.testng.reporters.JUnitReportReporter -->
<testsuite hostname="DESKTOP-RJBBDI9" failures="0" tests="3" name="testCases.TestCaseWorkersTab" time="28.002" errors="0" timestamp="2023-09-14T21:51:50 IST" skipped="0">
  <testcase classname="testCases.TestCaseWorkersTab" name="verifyBorderColourOfSearchButton" time="7.393"/>
  <testcase classname="testCases.TestCaseWorkersTab" name="createWorker" time="8.938"/>
  <testcase classname="testCases.TestCaseWorkersTab" name="verifyDeleteText" time="11.671"/>
</testsuite> <!-- testCases.TestCaseWorkersTab -->
