<?xml version="1.0" encoding="UTF-8"?>
<!-- Generated by org.testng.reporters.JUnitReportReporter -->
<testsuite hostname="DESKTOP-RJBBDI9" failures="0" tests="3" name="Automation.Grouping" time="0.030" errors="0" timestamp="2023-09-12T15:32:09 IST" skipped="0">
  <testcase classname="Automation.Grouping" name="testCase1" time="0.010"/>
  <testcase classname="Automation.Grouping" name="testCase3" time="0.005"/>
  <testcase classname="Automation.Grouping" name="testCase4" time="0.015"/>
</testsuite> <!-- Automation.Grouping -->
