<?xml version="1.0" encoding="UTF-8"?>
<!-- Generated by org.testng.reporters.JUnitReportReporter -->
<testsuite hostname="DESKTOP-RJBBDI9" failures="0" tests="1" name="testCases.ErrorLogin" time="7.419" errors="0" timestamp="2023-09-14T11:46:49 IST" skipped="0">
  <testcase classname="testCases.ErrorLogin" name="invalidLoginId" time="7.419"/>
</testsuite> <!-- testCases.ErrorLogin -->
