<?xml version="1.0" encoding="UTF-8"?>
<!-- Generated by org.testng.reporters.JUnitReportReporter -->
<testsuite hostname="DESKTOP-RJBBDI9" failures="0" tests="2" name="testCases.LoginTestCases" time="13.118" errors="0" timestamp="2023-09-19T22:20:21 IST" skipped="0">
  <testcase classname="testCases.LoginTestCases" name="invalidLoginId" time="4.671"/>
  <testcase classname="testCases.LoginTestCases" name="login" time="8.447"/>
</testsuite> <!-- testCases.LoginTestCases -->
