<?xml version="1.0" encoding="UTF-8"?>
<!-- Generated by org.testng.reporters.JUnitReportReporter -->
<testsuite hostname="DESKTOP-RJBBDI9" failures="0" tests="3" name="Automation.Annotation2" time="0.042" errors="0" timestamp="2023-09-06T07:31:19 IST" skipped="0">
  <testcase classname="Automation.Annotation2" name="f" time="0.027"/>
  <testcase classname="Automation.Annotation2" name="f2" time="0.006"/>
  <testcase classname="Automation.Annotation2" name="f1" time="0.009"/>
</testsuite> <!-- Automation.Annotation2 -->
