<?xml version="1.0" encoding="UTF-8"?>
<!-- Generated by org.testng.reporters.JUnitReportReporter -->
<testsuite hostname="DESKTOP-RJBBDI9" failures="0" tests="1" name="Automation.BasicAsertion" time="5.679" errors="0" timestamp="2023-09-07T07:54:25 IST" skipped="0">
  <testcase classname="Automation.BasicAsertion" name="verifyTextOfLoginButton" time="5.679"/>
</testsuite> <!-- Automation.BasicAsertion -->
