<?xml version="1.0" encoding="UTF-8"?>
<!-- Generated by org.testng.reporters.JUnitReportReporter -->
<testsuite hostname="DESKTOP-RJBBDI9" failures="0" tests="3" name="Automation.Assigment3" time="17.032" errors="0" timestamp="2023-09-13T09:27:01 IST" skipped="0">
  <testcase classname="Automation.Assigment3" name="invalidUsernameAndPassword" time="5.838"/>
  <testcase classname="Automation.Assigment3" name="invalidUsernameAndPassword" time="6.497"/>
  <testcase classname="Automation.Assigment3" name="invalidUsernameAndPassword" time="4.697"/>
</testsuite> <!-- Automation.Assigment3 -->
