<?xml version="1.0" encoding="UTF-8"?>
<!-- Generated by org.testng.reporters.JUnitReportReporter -->
<testsuite hostname="DESKTOP-RJBBDI9" failures="0" tests="4" name="Practice.BeforeAndAfter" time="0.040" errors="0" timestamp="2023-08-23T20:04:33 IST" skipped="0">
  <testcase classname="Practice.BeforeAndAfter" name="TestCase4" time="0.009"/>
  <testcase classname="Practice.BeforeAndAfter" name="TestCase1" time="0.017"/>
  <testcase classname="Practice.BeforeAndAfter" name="TestCase3" time="0.008"/>
  <testcase classname="Practice.BeforeAndAfter" name="TestCase2" time="0.006"/>
</testsuite> <!-- Practice.BeforeAndAfter -->
