<?xml version="1.0" encoding="UTF-8"?>
<!-- Generated by org.testng.reporters.JUnitReportReporter -->
<testsuite hostname="DESKTOP-RJBBDI9" failures="0" tests="4" name="Automation.NewTest" time="0.028" errors="0" timestamp="2023-09-05T08:03:54 IST" skipped="0">
  <testcase classname="Automation.NewTest" name="f3" time="0.004"/>
  <testcase classname="Automation.NewTest" name="f2" time="0.016"/>
  <testcase classname="Automation.NewTest" name="f1" time="0.004"/>
  <testcase classname="Automation.NewTest" name="f" time="0.004"/>
</testsuite> <!-- Automation.NewTest -->
